<?xml version="1.0" encoding="UTF-8"?>
<robot generator="Robot 7.1.1 (Python 3.10.12 on linux)" generated="2024-11-10T10:40:55.947178" rpa="false" schemaversion="5">
<suite id="s1" name="Tests" source="/home/banboris/webcounter/src/tests">
<suite id="s1-s1" name="Increment" source="/home/banboris/webcounter/src/tests/increment.robot">
<kw name="Open And Configure Browser" owner="resource" type="SETUP">
<if>
<branch type="IF" condition="$BROWSER == 'chrome'">
<kw name="Evaluate" owner="BuiltIn">
<msg time="2024-11-10T10:40:56.095458" level="INFO">${options} = &lt;selenium.webdriver.chrome.options.Options object at 0x7e0833e3d4b0&gt;</msg>
<var>${options}</var>
<arg>sys.modules['selenium.webdriver'].ChromeOptions()</arg>
<arg>sys</arg>
<doc>Evaluates the given expression in Python and returns the result.</doc>
<status status="PASS" start="2024-11-10T10:40:56.095074" elapsed="0.000435"/>
</kw>
<status status="PASS" start="2024-11-10T10:40:56.091739" elapsed="0.003862"/>
</branch>
<branch type="ELSE IF" condition="$BROWSER == 'firefox'">
<kw name="Evaluate" owner="BuiltIn">
<var>${options}</var>
<arg>sys.modules['selenium.webdriver'].FirefoxOptions()</arg>
<arg>sys</arg>
<doc>Evaluates the given expression in Python and returns the result.</doc>
<status status="NOT RUN" start="2024-11-10T10:40:56.095802" elapsed="0.000035"/>
</kw>
<status status="NOT RUN" start="2024-11-10T10:40:56.095653" elapsed="0.000240"/>
</branch>
<status status="PASS" start="2024-11-10T10:40:56.091704" elapsed="0.004226"/>
</if>
<if>
<branch type="IF" condition="$HEADLESS == 'true'">
<kw name="Set Selenium Speed" owner="SeleniumLibrary">
<arg>0</arg>
<doc>Sets the delay that is waited after each Selenium command.</doc>
<status status="NOT RUN" start="2024-11-10T10:40:56.096209" elapsed="0.000038"/>
</kw>
<kw name="Call Method" owner="BuiltIn">
<arg>${options}</arg>
<arg>add_argument</arg>
<arg>--headless</arg>
<doc>Calls the named method of the given object with the provided arguments.</doc>
<status status="NOT RUN" start="2024-11-10T10:40:56.096363" elapsed="0.000035"/>
</kw>
<status status="NOT RUN" start="2024-11-10T10:40:56.095993" elapsed="0.000456"/>
</branch>
<branch type="ELSE">
<kw name="Set Selenium Speed" owner="SeleniumLibrary">
<arg>${DELAY}</arg>
<doc>Sets the delay that is waited after each Selenium command.</doc>
<status status="PASS" start="2024-11-10T10:40:56.096584" elapsed="0.000292"/>
</kw>
<status status="PASS" start="2024-11-10T10:40:56.096486" elapsed="0.000452"/>
</branch>
<status status="PASS" start="2024-11-10T10:40:56.095976" elapsed="0.000997"/>
</if>
<kw name="Open Browser" owner="SeleniumLibrary">
<msg time="2024-11-10T10:40:56.097403" level="INFO">Opening browser 'chrome' to base url 'None'.</msg>
<arg>browser=${BROWSER}</arg>
<arg>options=${options}</arg>
<doc>Opens a new browser instance to the optional ``url``.</doc>
<status status="PASS" start="2024-11-10T10:40:56.097091" elapsed="0.613553"/>
</kw>
<status status="PASS" start="2024-11-10T10:40:56.091441" elapsed="0.619479"/>
</kw>
<test id="s1-s1-t1" name="At start the counter is zero" line="7">
<kw name="Go To" owner="SeleniumLibrary">
<msg time="2024-11-10T10:40:56.712342" level="INFO">Opening url 'http://localhost:5001'</msg>
<arg>${HOME_URL}</arg>
<doc>Navigates the current browser window to the provided ``url``.</doc>
<status status="PASS" start="2024-11-10T10:40:56.711990" elapsed="0.578646"/>
</kw>
<kw name="Title Should Be" owner="SeleniumLibrary">
<msg time="2024-11-10T10:40:57.806084" level="INFO">Page title is 'Laskuri'.</msg>
<arg>Laskuri</arg>
<doc>Verifies that the current page title equals ``title``.</doc>
<status status="PASS" start="2024-11-10T10:40:57.291472" elapsed="0.515010"/>
</kw>
<kw name="Page Should Contain" owner="SeleniumLibrary">
<msg time="2024-11-10T10:40:58.843005" level="INFO">Current page contains text 'nappia painettu 0 kertaa'.</msg>
<arg>nappia painettu 0 kertaa</arg>
<doc>Verifies that current page contains ``text``.</doc>
<status status="PASS" start="2024-11-10T10:40:57.807245" elapsed="1.036536"/>
</kw>
<status status="PASS" start="2024-11-10T10:40:56.711143" elapsed="2.134068"/>
</test>
<test id="s1-s1-t2" name="When button pressed twice the counter is two" line="12">
<kw name="Go To" owner="SeleniumLibrary">
<msg time="2024-11-10T10:40:58.848428" level="INFO">Opening url 'http://localhost:5001'</msg>
<arg>${HOME_URL}</arg>
<doc>Navigates the current browser window to the provided ``url``.</doc>
<status status="PASS" start="2024-11-10T10:40:58.847775" elapsed="0.537114"/>
</kw>
<kw name="Click Button" owner="SeleniumLibrary">
<msg time="2024-11-10T10:40:59.387257" level="INFO">Clicking button 'Paina'.</msg>
<arg>Paina</arg>
<doc>Clicks the button identified by ``locator``.</doc>
<status status="PASS" start="2024-11-10T10:40:59.386050" elapsed="1.629767"/>
</kw>
<kw name="Click Button" owner="SeleniumLibrary">
<msg time="2024-11-10T10:41:01.018138" level="INFO">Clicking button 'Paina'.</msg>
<arg>Paina</arg>
<doc>Clicks the button identified by ``locator``.</doc>
<status status="PASS" start="2024-11-10T10:41:01.017221" elapsed="1.605139"/>
</kw>
<kw name="Page Should Contain" owner="SeleniumLibrary">
<msg time="2024-11-10T10:41:03.655025" level="INFO">Current page contains text 'nappia painettu 2 kertaa'.</msg>
<arg>nappia painettu 2 kertaa</arg>
<doc>Verifies that current page contains ``text``.</doc>
<status status="PASS" start="2024-11-10T10:41:02.622962" elapsed="1.032854"/>
</kw>
<status status="PASS" start="2024-11-10T10:40:58.846370" elapsed="4.810739"/>
</test>
<kw name="Close Browser" owner="SeleniumLibrary" type="TEARDOWN">
<doc>Closes the current browser.</doc>
<status status="PASS" start="2024-11-10T10:41:03.659638" elapsed="0.564222"/>
</kw>
<status status="PASS" start="2024-11-10T10:40:55.968166" elapsed="8.255921"/>
</suite>
<suite id="s1-s2" name="Reset" source="/home/banboris/webcounter/src/tests/reset.robot">
<kw name="Open And Configure Browser" owner="resource" type="SETUP">
<if>
<branch type="IF" condition="$BROWSER == 'chrome'">
<kw name="Evaluate" owner="BuiltIn">
<msg time="2024-11-10T10:41:04.231739" level="INFO">${options} = &lt;selenium.webdriver.chrome.options.Options object at 0x7e0833cd5480&gt;</msg>
<var>${options}</var>
<arg>sys.modules['selenium.webdriver'].ChromeOptions()</arg>
<arg>sys</arg>
<doc>Evaluates the given expression in Python and returns the result.</doc>
<status status="PASS" start="2024-11-10T10:41:04.231238" elapsed="0.000574"/>
</kw>
<status status="PASS" start="2024-11-10T10:41:04.230825" elapsed="0.001111"/>
</branch>
<branch type="ELSE IF" condition="$BROWSER == 'firefox'">
<kw name="Evaluate" owner="BuiltIn">
<var>${options}</var>
<arg>sys.modules['selenium.webdriver'].FirefoxOptions()</arg>
<arg>sys</arg>
<doc>Evaluates the given expression in Python and returns the result.</doc>
<status status="NOT RUN" start="2024-11-10T10:41:04.232227" elapsed="0.000055"/>
</kw>
<status status="NOT RUN" start="2024-11-10T10:41:04.232017" elapsed="0.000363"/>
</branch>
<status status="PASS" start="2024-11-10T10:41:04.230789" elapsed="0.001710"/>
</if>
<if>
<branch type="IF" condition="$HEADLESS == 'true'">
<kw name="Set Selenium Speed" owner="SeleniumLibrary">
<arg>0</arg>
<doc>Sets the delay that is waited after each Selenium command.</doc>
<status status="NOT RUN" start="2024-11-10T10:41:04.232962" elapsed="0.000056"/>
</kw>
<kw name="Call Method" owner="BuiltIn">
<arg>${options}</arg>
<arg>add_argument</arg>
<arg>--headless</arg>
<doc>Calls the named method of the given object with the provided arguments.</doc>
<status status="NOT RUN" start="2024-11-10T10:41:04.233223" elapsed="0.000053"/>
</kw>
<status status="NOT RUN" start="2024-11-10T10:41:04.232604" elapsed="0.000767"/>
</branch>
<branch type="ELSE">
<kw name="Set Selenium Speed" owner="SeleniumLibrary">
<arg>${DELAY}</arg>
<doc>Sets the delay that is waited after each Selenium command.</doc>
<status status="PASS" start="2024-11-10T10:41:04.233610" elapsed="0.000418"/>
</kw>
<status status="PASS" start="2024-11-10T10:41:04.233447" elapsed="0.000674"/>
</branch>
<status status="PASS" start="2024-11-10T10:41:04.232576" elapsed="0.001607"/>
</if>
<kw name="Open Browser" owner="SeleniumLibrary">
<msg time="2024-11-10T10:41:04.235071" level="INFO">Opening browser 'chrome' to base url 'None'.</msg>
<arg>browser=${BROWSER}</arg>
<arg>options=${options}</arg>
<doc>Opens a new browser instance to the optional ``url``.</doc>
<status status="PASS" start="2024-11-10T10:41:04.234540" elapsed="0.651151"/>
</kw>
<status status="PASS" start="2024-11-10T10:41:04.230510" elapsed="0.655370"/>
</kw>
<test id="s1-s2-t1" name="When counter has a nonzero value and it is reset the value becomes zero" line="7">
<kw name="Go To" owner="SeleniumLibrary">
<msg time="2024-11-10T10:41:04.887004" level="INFO">Opening url 'http://localhost:5001'</msg>
<arg>${HOME_URL}</arg>
<doc>Navigates the current browser window to the provided ``url``.</doc>
<status status="PASS" start="2024-11-10T10:41:04.886647" elapsed="0.590047"/>
</kw>
<kw name="Click Button" owner="SeleniumLibrary">
<msg time="2024-11-10T10:41:05.479297" level="INFO">Clicking button 'Nollaa'.</msg>
<arg>Nollaa</arg>
<doc>Clicks the button identified by ``locator``.</doc>
<status status="PASS" start="2024-11-10T10:41:05.478315" elapsed="1.645425"/>
</kw>
<kw name="Page Should Contain" owner="SeleniumLibrary">
<msg time="2024-11-10T10:41:08.161196" level="INFO">Current page contains text 'nappia painettu 0 kertaa'.</msg>
<arg>nappia painettu 0 kertaa</arg>
<doc>Verifies that current page contains ``text``.</doc>
<status status="PASS" start="2024-11-10T10:41:07.125108" elapsed="1.036340"/>
</kw>
<status status="PASS" start="2024-11-10T10:41:04.886013" elapsed="3.275894"/>
</test>
<kw name="Close Browser" owner="SeleniumLibrary" type="TEARDOWN">
<doc>Closes the current browser.</doc>
<status status="PASS" start="2024-11-10T10:41:08.163029" elapsed="0.561399"/>
</kw>
<status status="PASS" start="2024-11-10T10:41:04.225698" elapsed="4.499033"/>
</suite>
<status status="PASS" start="2024-11-10T10:40:55.948281" elapsed="12.778722"/>
</suite>
<statistics>
<total>
<stat pass="3" fail="0" skip="0">All Tests</stat>
</total>
<tag>
</tag>
<suite>
<stat pass="3" fail="0" skip="0" id="s1" name="Tests">Tests</stat>
<stat pass="2" fail="0" skip="0" id="s1-s1" name="Increment">Tests.Increment</stat>
<stat pass="1" fail="0" skip="0" id="s1-s2" name="Reset">Tests.Reset</stat>
</suite>
</statistics>
<errors>
</errors>
</robot>
